The system is: Linux - 2.6.32-754.29.2.el6.x86_64 - x86_64
Compiling the C compiler identification source file "CMakeCCompilerId.c" succeeded.
Compiler: /usr/bin/cc 
Build flags: 
Id flags: 

The output was:
0


Compilation of the C compiler identification source "CMakeCCompilerId.c" produced "a.out"

The C compiler identification is GNU, found in "/storage/home/wxz132/work/Github_2020/BioRT-Flux-PIHM/cvode/instdir/CMakeFiles/3.7.2/CompilerIdC/a.out"

Determining if the C compiler works passed with the following output:
Change Dir: /storage/home/wxz132/work/Github_2020/BioRT-Flux-PIHM/cvode/instdir/CMakeFiles/CMakeTmp

Run Build Command:"/usr/bin/gmake" "cmTC_6f56c/fast"
gmake[1]: Entering directory `/storage/work/w/wxz132/Github_2020/BioRT-Flux-PIHM/cvode/instdir/CMakeFiles/CMakeTmp'
/usr/bin/gmake -f CMakeFiles/cmTC_6f56c.dir/build.make CMakeFiles/cmTC_6f56c.dir/build
gmake[2]: Entering directory `/storage/work/w/wxz132/Github_2020/BioRT-Flux-PIHM/cvode/instdir/CMakeFiles/CMakeTmp'
Building C object CMakeFiles/cmTC_6f56c.dir/testCCompiler.c.o
/usr/bin/cc     -o CMakeFiles/cmTC_6f56c.dir/testCCompiler.c.o   -c /storage/home/wxz132/work/Github_2020/BioRT-Flux-PIHM/cvode/instdir/CMakeFiles/CMakeTmp/testCCompiler.c
Linking C executable cmTC_6f56c
/storage/home/wxz132/work/Github_2020/BioRT-Flux-PIHM/cmake-3.7.2-Linux-x86_64/bin/cmake -E cmake_link_script CMakeFiles/cmTC_6f56c.dir/link.txt --verbose=1
/usr/bin/cc       CMakeFiles/cmTC_6f56c.dir/testCCompiler.c.o  -o cmTC_6f56c -rdynamic 
gmake[2]: Leaving directory `/storage/work/w/wxz132/Github_2020/BioRT-Flux-PIHM/cvode/instdir/CMakeFiles/CMakeTmp'
gmake[1]: Leaving directory `/storage/work/w/wxz132/Github_2020/BioRT-Flux-PIHM/cvode/instdir/CMakeFiles/CMakeTmp'


Detecting C compiler ABI info compiled with the following output:
Change Dir: /storage/home/wxz132/work/Github_2020/BioRT-Flux-PIHM/cvode/instdir/CMakeFiles/CMakeTmp

Run Build Command:"/usr/bin/gmake" "cmTC_afe42/fast"
gmake[1]: Entering directory `/storage/work/w/wxz132/Github_2020/BioRT-Flux-PIHM/cvode/instdir/CMakeFiles/CMakeTmp'
/usr/bin/gmake -f CMakeFiles/cmTC_afe42.dir/build.make CMakeFiles/cmTC_afe42.dir/build
gmake[2]: Entering directory `/storage/work/w/wxz132/Github_2020/BioRT-Flux-PIHM/cvode/instdir/CMakeFiles/CMakeTmp'
Building C object CMakeFiles/cmTC_afe42.dir/CMakeCCompilerABI.c.o
/usr/bin/cc     -o CMakeFiles/cmTC_afe42.dir/CMakeCCompilerABI.c.o   -c /storage/home/wxz132/work/Github_2020/BioRT-Flux-PIHM/cmake-3.7.2-Linux-x86_64/share/cmake-3.7/Modules/CMakeCCompilerABI.c
Linking C executable cmTC_afe42
/storage/home/wxz132/work/Github_2020/BioRT-Flux-PIHM/cmake-3.7.2-Linux-x86_64/bin/cmake -E cmake_link_script CMakeFiles/cmTC_afe42.dir/link.txt --verbose=1
/usr/bin/cc      -v CMakeFiles/cmTC_afe42.dir/CMakeCCompilerABI.c.o  -o cmTC_afe42 -rdynamic  
Using built-in specs.
Target: x86_64-redhat-linux
Configured with: ../configure --prefix=/usr --mandir=/usr/share/man --infodir=/usr/share/info --with-bugurl=http://bugzilla.redhat.com/bugzilla --enable-bootstrap --enable-shared --enable-threads=posix --enable-checking=release --with-system-zlib --enable-__cxa_atexit --disable-libunwind-exceptions --enable-gnu-unique-object --enable-languages=c,c++,objc,obj-c++,java,fortran,ada --enable-java-awt=gtk --disable-dssi --with-java-home=/usr/lib/jvm/java-1.5.0-gcj-1.5.0.0/jre --enable-libgcj-multifile --enable-java-maintainer-mode --with-ecj-jar=/usr/share/java/eclipse-ecj.jar --disable-libjava-multilib --with-ppl --with-cloog --with-tune=generic --with-arch_32=i686 --build=x86_64-redhat-linux
Thread model: posix
gcc version 4.4.7 20120313 (Red Hat 4.4.7-23) (GCC) 
COMPILER_PATH=/usr/libexec/gcc/x86_64-redhat-linux/4.4.7/:/usr/libexec/gcc/x86_64-redhat-linux/4.4.7/:/usr/libexec/gcc/x86_64-redhat-linux/:/usr/lib/gcc/x86_64-redhat-linux/4.4.7/:/usr/lib/gcc/x86_64-redhat-linux/:/usr/libexec/gcc/x86_64-redhat-linux/4.4.7/:/usr/libexec/gcc/x86_64-redhat-linux/:/usr/lib/gcc/x86_64-redhat-linux/4.4.7/:/usr/lib/gcc/x86_64-redhat-linux/
LIBRARY_PATH=/usr/lib/gcc/x86_64-redhat-linux/4.4.7/:/usr/lib/gcc/x86_64-redhat-linux/4.4.7/:/usr/lib/gcc/x86_64-redhat-linux/4.4.7/../../../../lib64/:/lib/../lib64/:/usr/lib/../lib64/:/usr/lib/gcc/x86_64-redhat-linux/4.4.7/../../../:/lib/:/usr/lib/
COLLECT_GCC_OPTIONS='-v' '-o' 'cmTC_afe42' '-rdynamic' '-mtune=generic'
 /usr/libexec/gcc/x86_64-redhat-linux/4.4.7/collect2 --eh-frame-hdr --build-id -m elf_x86_64 --hash-style=gnu -export-dynamic -dynamic-linker /lib64/ld-linux-x86-64.so.2 -o cmTC_afe42 /usr/lib/gcc/x86_64-redhat-linux/4.4.7/../../../../lib64/crt1.o /usr/lib/gcc/x86_64-redhat-linux/4.4.7/../../../../lib64/crti.o /usr/lib/gcc/x86_64-redhat-linux/4.4.7/crtbegin.o -L/usr/lib/gcc/x86_64-redhat-linux/4.4.7 -L/usr/lib/gcc/x86_64-redhat-linux/4.4.7 -L/usr/lib/gcc/x86_64-redhat-linux/4.4.7/../../../../lib64 -L/lib/../lib64 -L/usr/lib/../lib64 -L/usr/lib/gcc/x86_64-redhat-linux/4.4.7/../../.. CMakeFiles/cmTC_afe42.dir/CMakeCCompilerABI.c.o -lgcc --as-needed -lgcc_s --no-as-needed -lc -lgcc --as-needed -lgcc_s --no-as-needed /usr/lib/gcc/x86_64-redhat-linux/4.4.7/crtend.o /usr/lib/gcc/x86_64-redhat-linux/4.4.7/../../../../lib64/crtn.o
gmake[2]: Leaving directory `/storage/work/w/wxz132/Github_2020/BioRT-Flux-PIHM/cvode/instdir/CMakeFiles/CMakeTmp'
gmake[1]: Leaving directory `/storage/work/w/wxz132/Github_2020/BioRT-Flux-PIHM/cvode/instdir/CMakeFiles/CMakeTmp'


Parsed C implicit link information from above output:
  link line regex: [^( *|.*[/\])(ld|([^/\]+-)?ld|collect2)[^/\]*( |$)]
  ignore line: [Change Dir: /storage/home/wxz132/work/Github_2020/BioRT-Flux-PIHM/cvode/instdir/CMakeFiles/CMakeTmp]
  ignore line: []
  ignore line: [Run Build Command:"/usr/bin/gmake" "cmTC_afe42/fast"]
  ignore line: [gmake[1]: Entering directory `/storage/work/w/wxz132/Github_2020/BioRT-Flux-PIHM/cvode/instdir/CMakeFiles/CMakeTmp']
  ignore line: [/usr/bin/gmake -f CMakeFiles/cmTC_afe42.dir/build.make CMakeFiles/cmTC_afe42.dir/build]
  ignore line: [gmake[2]: Entering directory `/storage/work/w/wxz132/Github_2020/BioRT-Flux-PIHM/cvode/instdir/CMakeFiles/CMakeTmp']
  ignore line: [Building C object CMakeFiles/cmTC_afe42.dir/CMakeCCompilerABI.c.o]
  ignore line: [/usr/bin/cc     -o CMakeFiles/cmTC_afe42.dir/CMakeCCompilerABI.c.o   -c /storage/home/wxz132/work/Github_2020/BioRT-Flux-PIHM/cmake-3.7.2-Linux-x86_64/share/cmake-3.7/Modules/CMakeCCompilerABI.c]
  ignore line: [Linking C executable cmTC_afe42]
  ignore line: [/storage/home/wxz132/work/Github_2020/BioRT-Flux-PIHM/cmake-3.7.2-Linux-x86_64/bin/cmake -E cmake_link_script CMakeFiles/cmTC_afe42.dir/link.txt --verbose=1]
  ignore line: [/usr/bin/cc      -v CMakeFiles/cmTC_afe42.dir/CMakeCCompilerABI.c.o  -o cmTC_afe42 -rdynamic  ]
  ignore line: [Using built-in specs.]
  ignore line: [Target: x86_64-redhat-linux]
  ignore line: [Configured with: ../configure --prefix=/usr --mandir=/usr/share/man --infodir=/usr/share/info --with-bugurl=http://bugzilla.redhat.com/bugzilla --enable-bootstrap --enable-shared --enable-threads=posix --enable-checking=release --with-system-zlib --enable-__cxa_atexit --disable-libunwind-exceptions --enable-gnu-unique-object --enable-languages=c,c++,objc,obj-c++,java,fortran,ada --enable-java-awt=gtk --disable-dssi --with-java-home=/usr/lib/jvm/java-1.5.0-gcj-1.5.0.0/jre --enable-libgcj-multifile --enable-java-maintainer-mode --with-ecj-jar=/usr/share/java/eclipse-ecj.jar --disable-libjava-multilib --with-ppl --with-cloog --with-tune=generic --with-arch_32=i686 --build=x86_64-redhat-linux]
  ignore line: [Thread model: posix]
  ignore line: [gcc version 4.4.7 20120313 (Red Hat 4.4.7-23) (GCC) ]
  ignore line: [COMPILER_PATH=/usr/libexec/gcc/x86_64-redhat-linux/4.4.7/:/usr/libexec/gcc/x86_64-redhat-linux/4.4.7/:/usr/libexec/gcc/x86_64-redhat-linux/:/usr/lib/gcc/x86_64-redhat-linux/4.4.7/:/usr/lib/gcc/x86_64-redhat-linux/:/usr/libexec/gcc/x86_64-redhat-linux/4.4.7/:/usr/libexec/gcc/x86_64-redhat-linux/:/usr/lib/gcc/x86_64-redhat-linux/4.4.7/:/usr/lib/gcc/x86_64-redhat-linux/]
  ignore line: [LIBRARY_PATH=/usr/lib/gcc/x86_64-redhat-linux/4.4.7/:/usr/lib/gcc/x86_64-redhat-linux/4.4.7/:/usr/lib/gcc/x86_64-redhat-linux/4.4.7/../../../../lib64/:/lib/../lib64/:/usr/lib/../lib64/:/usr/lib/gcc/x86_64-redhat-linux/4.4.7/../../../:/lib/:/usr/lib/]
  ignore line: [COLLECT_GCC_OPTIONS='-v' '-o' 'cmTC_afe42' '-rdynamic' '-mtune=generic']
  link line: [ /usr/libexec/gcc/x86_64-redhat-linux/4.4.7/collect2 --eh-frame-hdr --build-id -m elf_x86_64 --hash-style=gnu -export-dynamic -dynamic-linker /lib64/ld-linux-x86-64.so.2 -o cmTC_afe42 /usr/lib/gcc/x86_64-redhat-linux/4.4.7/../../../../lib64/crt1.o /usr/lib/gcc/x86_64-redhat-linux/4.4.7/../../../../lib64/crti.o /usr/lib/gcc/x86_64-redhat-linux/4.4.7/crtbegin.o -L/usr/lib/gcc/x86_64-redhat-linux/4.4.7 -L/usr/lib/gcc/x86_64-redhat-linux/4.4.7 -L/usr/lib/gcc/x86_64-redhat-linux/4.4.7/../../../../lib64 -L/lib/../lib64 -L/usr/lib/../lib64 -L/usr/lib/gcc/x86_64-redhat-linux/4.4.7/../../.. CMakeFiles/cmTC_afe42.dir/CMakeCCompilerABI.c.o -lgcc --as-needed -lgcc_s --no-as-needed -lc -lgcc --as-needed -lgcc_s --no-as-needed /usr/lib/gcc/x86_64-redhat-linux/4.4.7/crtend.o /usr/lib/gcc/x86_64-redhat-linux/4.4.7/../../../../lib64/crtn.o]
    arg [/usr/libexec/gcc/x86_64-redhat-linux/4.4.7/collect2] ==> ignore
    arg [--eh-frame-hdr] ==> ignore
    arg [--build-id] ==> ignore
    arg [-m] ==> ignore
    arg [elf_x86_64] ==> ignore
    arg [--hash-style=gnu] ==> ignore
    arg [-export-dynamic] ==> ignore
    arg [-dynamic-linker] ==> ignore
    arg [/lib64/ld-linux-x86-64.so.2] ==> ignore
    arg [-o] ==> ignore
    arg [cmTC_afe42] ==> ignore
    arg [/usr/lib/gcc/x86_64-redhat-linux/4.4.7/../../../../lib64/crt1.o] ==> ignore
    arg [/usr/lib/gcc/x86_64-redhat-linux/4.4.7/../../../../lib64/crti.o] ==> ignore
    arg [/usr/lib/gcc/x86_64-redhat-linux/4.4.7/crtbegin.o] ==> ignore
    arg [-L/usr/lib/gcc/x86_64-redhat-linux/4.4.7] ==> dir [/usr/lib/gcc/x86_64-redhat-linux/4.4.7]
    arg [-L/usr/lib/gcc/x86_64-redhat-linux/4.4.7] ==> dir [/usr/lib/gcc/x86_64-redhat-linux/4.4.7]
    arg [-L/usr/lib/gcc/x86_64-redhat-linux/4.4.7/../../../../lib64] ==> dir [/usr/lib/gcc/x86_64-redhat-linux/4.4.7/../../../../lib64]
    arg [-L/lib/../lib64] ==> dir [/lib/../lib64]
    arg [-L/usr/lib/../lib64] ==> dir [/usr/lib/../lib64]
    arg [-L/usr/lib/gcc/x86_64-redhat-linux/4.4.7/../../..] ==> dir [/usr/lib/gcc/x86_64-redhat-linux/4.4.7/../../..]
    arg [CMakeFiles/cmTC_afe42.dir/CMakeCCompilerABI.c.o] ==> ignore
    arg [-lgcc] ==> lib [gcc]
    arg [--as-needed] ==> ignore
    arg [-lgcc_s] ==> lib [gcc_s]
    arg [--no-as-needed] ==> ignore
    arg [-lc] ==> lib [c]
    arg [-lgcc] ==> lib [gcc]
    arg [--as-needed] ==> ignore
    arg [-lgcc_s] ==> lib [gcc_s]
    arg [--no-as-needed] ==> ignore
    arg [/usr/lib/gcc/x86_64-redhat-linux/4.4.7/crtend.o] ==> ignore
    arg [/usr/lib/gcc/x86_64-redhat-linux/4.4.7/../../../../lib64/crtn.o] ==> ignore
  remove lib [gcc]
  remove lib [gcc_s]
  remove lib [gcc]
  remove lib [gcc_s]
  collapse library dir [/usr/lib/gcc/x86_64-redhat-linux/4.4.7] ==> [/usr/lib/gcc/x86_64-redhat-linux/4.4.7]
  collapse library dir [/usr/lib/gcc/x86_64-redhat-linux/4.4.7] ==> [/usr/lib/gcc/x86_64-redhat-linux/4.4.7]
  collapse library dir [/usr/lib/gcc/x86_64-redhat-linux/4.4.7/../../../../lib64] ==> [/usr/lib64]
  collapse library dir [/lib/../lib64] ==> [/lib64]
  collapse library dir [/usr/lib/../lib64] ==> [/usr/lib64]
  collapse library dir [/usr/lib/gcc/x86_64-redhat-linux/4.4.7/../../..] ==> [/usr/lib]
  implicit libs: [c]
  implicit dirs: [/usr/lib/gcc/x86_64-redhat-linux/4.4.7;/usr/lib64;/lib64;/usr/lib]
  implicit fwks: []




Detecting C [-std=c99] compiler features compiled with the following output:
Change Dir: /storage/home/wxz132/work/Github_2020/BioRT-Flux-PIHM/cvode/instdir/CMakeFiles/CMakeTmp

Run Build Command:"/usr/bin/gmake" "cmTC_db2f2/fast"
gmake[1]: Entering directory `/storage/work/w/wxz132/Github_2020/BioRT-Flux-PIHM/cvode/instdir/CMakeFiles/CMakeTmp'
/usr/bin/gmake -f CMakeFiles/cmTC_db2f2.dir/build.make CMakeFiles/cmTC_db2f2.dir/build
gmake[2]: Entering directory `/storage/work/w/wxz132/Github_2020/BioRT-Flux-PIHM/cvode/instdir/CMakeFiles/CMakeTmp'
Building C object CMakeFiles/cmTC_db2f2.dir/feature_tests.c.o
/usr/bin/cc    -std=c99 -o CMakeFiles/cmTC_db2f2.dir/feature_tests.c.o   -c /storage/home/wxz132/work/Github_2020/BioRT-Flux-PIHM/cvode/instdir/CMakeFiles/feature_tests.c
Linking C executable cmTC_db2f2
/storage/home/wxz132/work/Github_2020/BioRT-Flux-PIHM/cmake-3.7.2-Linux-x86_64/bin/cmake -E cmake_link_script CMakeFiles/cmTC_db2f2.dir/link.txt --verbose=1
/usr/bin/cc       CMakeFiles/cmTC_db2f2.dir/feature_tests.c.o  -o cmTC_db2f2 -rdynamic 
gmake[2]: Leaving directory `/storage/work/w/wxz132/Github_2020/BioRT-Flux-PIHM/cvode/instdir/CMakeFiles/CMakeTmp'
gmake[1]: Leaving directory `/storage/work/w/wxz132/Github_2020/BioRT-Flux-PIHM/cvode/instdir/CMakeFiles/CMakeTmp'


    Feature record: C_FEATURE:1c_function_prototypes
    Feature record: C_FEATURE:1c_restrict
    Feature record: C_FEATURE:0c_static_assert
    Feature record: C_FEATURE:1c_variadic_macros


Detecting C [-std=c89] compiler features compiled with the following output:
Change Dir: /storage/home/wxz132/work/Github_2020/BioRT-Flux-PIHM/cvode/instdir/CMakeFiles/CMakeTmp

Run Build Command:"/usr/bin/gmake" "cmTC_0606e/fast"
gmake[1]: Entering directory `/storage/work/w/wxz132/Github_2020/BioRT-Flux-PIHM/cvode/instdir/CMakeFiles/CMakeTmp'
/usr/bin/gmake -f CMakeFiles/cmTC_0606e.dir/build.make CMakeFiles/cmTC_0606e.dir/build
gmake[2]: Entering directory `/storage/work/w/wxz132/Github_2020/BioRT-Flux-PIHM/cvode/instdir/CMakeFiles/CMakeTmp'
Building C object CMakeFiles/cmTC_0606e.dir/feature_tests.c.o
/usr/bin/cc    -std=c89 -o CMakeFiles/cmTC_0606e.dir/feature_tests.c.o   -c /storage/home/wxz132/work/Github_2020/BioRT-Flux-PIHM/cvode/instdir/CMakeFiles/feature_tests.c
Linking C executable cmTC_0606e
/storage/home/wxz132/work/Github_2020/BioRT-Flux-PIHM/cmake-3.7.2-Linux-x86_64/bin/cmake -E cmake_link_script CMakeFiles/cmTC_0606e.dir/link.txt --verbose=1
/usr/bin/cc       CMakeFiles/cmTC_0606e.dir/feature_tests.c.o  -o cmTC_0606e -rdynamic 
gmake[2]: Leaving directory `/storage/work/w/wxz132/Github_2020/BioRT-Flux-PIHM/cvode/instdir/CMakeFiles/CMakeTmp'
gmake[1]: Leaving directory `/storage/work/w/wxz132/Github_2020/BioRT-Flux-PIHM/cvode/instdir/CMakeFiles/CMakeTmp'


    Feature record: C_FEATURE:1c_function_prototypes
    Feature record: C_FEATURE:0c_restrict
    Feature record: C_FEATURE:0c_static_assert
    Feature record: C_FEATURE:0c_variadic_macros
Determining if the include file sys/types.h exists passed with the following output:
Change Dir: /storage/home/wxz132/work/Github_2020/BioRT-Flux-PIHM/cvode/instdir/CMakeFiles/CMakeTmp

Run Build Command:"/usr/bin/gmake" "cmTC_1d5f6/fast"
gmake[1]: Entering directory `/storage/work/w/wxz132/Github_2020/BioRT-Flux-PIHM/cvode/instdir/CMakeFiles/CMakeTmp'
/usr/bin/gmake -f CMakeFiles/cmTC_1d5f6.dir/build.make CMakeFiles/cmTC_1d5f6.dir/build
gmake[2]: Entering directory `/storage/work/w/wxz132/Github_2020/BioRT-Flux-PIHM/cvode/instdir/CMakeFiles/CMakeTmp'
Building C object CMakeFiles/cmTC_1d5f6.dir/CheckIncludeFile.c.o
/usr/bin/cc     -o CMakeFiles/cmTC_1d5f6.dir/CheckIncludeFile.c.o   -c /storage/home/wxz132/work/Github_2020/BioRT-Flux-PIHM/cvode/instdir/CMakeFiles/CMakeTmp/CheckIncludeFile.c
Linking C executable cmTC_1d5f6
/storage/home/wxz132/work/Github_2020/BioRT-Flux-PIHM/cmake-3.7.2-Linux-x86_64/bin/cmake -E cmake_link_script CMakeFiles/cmTC_1d5f6.dir/link.txt --verbose=1
/usr/bin/cc       CMakeFiles/cmTC_1d5f6.dir/CheckIncludeFile.c.o  -o cmTC_1d5f6 -rdynamic 
gmake[2]: Leaving directory `/storage/work/w/wxz132/Github_2020/BioRT-Flux-PIHM/cvode/instdir/CMakeFiles/CMakeTmp'
gmake[1]: Leaving directory `/storage/work/w/wxz132/Github_2020/BioRT-Flux-PIHM/cvode/instdir/CMakeFiles/CMakeTmp'


Determining if the include file stdint.h exists passed with the following output:
Change Dir: /storage/home/wxz132/work/Github_2020/BioRT-Flux-PIHM/cvode/instdir/CMakeFiles/CMakeTmp

Run Build Command:"/usr/bin/gmake" "cmTC_d03f7/fast"
gmake[1]: Entering directory `/storage/work/w/wxz132/Github_2020/BioRT-Flux-PIHM/cvode/instdir/CMakeFiles/CMakeTmp'
/usr/bin/gmake -f CMakeFiles/cmTC_d03f7.dir/build.make CMakeFiles/cmTC_d03f7.dir/build
gmake[2]: Entering directory `/storage/work/w/wxz132/Github_2020/BioRT-Flux-PIHM/cvode/instdir/CMakeFiles/CMakeTmp'
Building C object CMakeFiles/cmTC_d03f7.dir/CheckIncludeFile.c.o
/usr/bin/cc     -o CMakeFiles/cmTC_d03f7.dir/CheckIncludeFile.c.o   -c /storage/home/wxz132/work/Github_2020/BioRT-Flux-PIHM/cvode/instdir/CMakeFiles/CMakeTmp/CheckIncludeFile.c
Linking C executable cmTC_d03f7
/storage/home/wxz132/work/Github_2020/BioRT-Flux-PIHM/cmake-3.7.2-Linux-x86_64/bin/cmake -E cmake_link_script CMakeFiles/cmTC_d03f7.dir/link.txt --verbose=1
/usr/bin/cc       CMakeFiles/cmTC_d03f7.dir/CheckIncludeFile.c.o  -o cmTC_d03f7 -rdynamic 
gmake[2]: Leaving directory `/storage/work/w/wxz132/Github_2020/BioRT-Flux-PIHM/cvode/instdir/CMakeFiles/CMakeTmp'
gmake[1]: Leaving directory `/storage/work/w/wxz132/Github_2020/BioRT-Flux-PIHM/cvode/instdir/CMakeFiles/CMakeTmp'


Determining if the include file stddef.h exists passed with the following output:
Change Dir: /storage/home/wxz132/work/Github_2020/BioRT-Flux-PIHM/cvode/instdir/CMakeFiles/CMakeTmp

Run Build Command:"/usr/bin/gmake" "cmTC_b1cf3/fast"
gmake[1]: Entering directory `/storage/work/w/wxz132/Github_2020/BioRT-Flux-PIHM/cvode/instdir/CMakeFiles/CMakeTmp'
/usr/bin/gmake -f CMakeFiles/cmTC_b1cf3.dir/build.make CMakeFiles/cmTC_b1cf3.dir/build
gmake[2]: Entering directory `/storage/work/w/wxz132/Github_2020/BioRT-Flux-PIHM/cvode/instdir/CMakeFiles/CMakeTmp'
Building C object CMakeFiles/cmTC_b1cf3.dir/CheckIncludeFile.c.o
/usr/bin/cc     -o CMakeFiles/cmTC_b1cf3.dir/CheckIncludeFile.c.o   -c /storage/home/wxz132/work/Github_2020/BioRT-Flux-PIHM/cvode/instdir/CMakeFiles/CMakeTmp/CheckIncludeFile.c
Linking C executable cmTC_b1cf3
/storage/home/wxz132/work/Github_2020/BioRT-Flux-PIHM/cmake-3.7.2-Linux-x86_64/bin/cmake -E cmake_link_script CMakeFiles/cmTC_b1cf3.dir/link.txt --verbose=1
/usr/bin/cc       CMakeFiles/cmTC_b1cf3.dir/CheckIncludeFile.c.o  -o cmTC_b1cf3 -rdynamic 
gmake[2]: Leaving directory `/storage/work/w/wxz132/Github_2020/BioRT-Flux-PIHM/cvode/instdir/CMakeFiles/CMakeTmp'
gmake[1]: Leaving directory `/storage/work/w/wxz132/Github_2020/BioRT-Flux-PIHM/cvode/instdir/CMakeFiles/CMakeTmp'


Determining size of int64_t passed with the following output:
Change Dir: /storage/home/wxz132/work/Github_2020/BioRT-Flux-PIHM/cvode/instdir/CMakeFiles/CMakeTmp

Run Build Command:"/usr/bin/gmake" "cmTC_f751b/fast"
gmake[1]: Entering directory `/storage/work/w/wxz132/Github_2020/BioRT-Flux-PIHM/cvode/instdir/CMakeFiles/CMakeTmp'
/usr/bin/gmake -f CMakeFiles/cmTC_f751b.dir/build.make CMakeFiles/cmTC_f751b.dir/build
gmake[2]: Entering directory `/storage/work/w/wxz132/Github_2020/BioRT-Flux-PIHM/cvode/instdir/CMakeFiles/CMakeTmp'
Building C object CMakeFiles/cmTC_f751b.dir/HAS_int64_t.c.o
/usr/bin/cc     -o CMakeFiles/cmTC_f751b.dir/HAS_int64_t.c.o   -c /storage/home/wxz132/work/Github_2020/BioRT-Flux-PIHM/cvode/instdir/CMakeFiles/CheckTypeSize/HAS_int64_t.c
Linking C executable cmTC_f751b
/storage/home/wxz132/work/Github_2020/BioRT-Flux-PIHM/cmake-3.7.2-Linux-x86_64/bin/cmake -E cmake_link_script CMakeFiles/cmTC_f751b.dir/link.txt --verbose=1
/usr/bin/cc       CMakeFiles/cmTC_f751b.dir/HAS_int64_t.c.o  -o cmTC_f751b -rdynamic 
gmake[2]: Leaving directory `/storage/work/w/wxz132/Github_2020/BioRT-Flux-PIHM/cvode/instdir/CMakeFiles/CMakeTmp'
gmake[1]: Leaving directory `/storage/work/w/wxz132/Github_2020/BioRT-Flux-PIHM/cvode/instdir/CMakeFiles/CMakeTmp'


Determining if the _POSIX_TIMERS exist passed with the following output:
Change Dir: /storage/home/wxz132/work/Github_2020/BioRT-Flux-PIHM/cvode/instdir/CMakeFiles/CMakeTmp

Run Build Command:"/usr/bin/gmake" "cmTC_9e0a2/fast"
gmake[1]: Entering directory `/storage/work/w/wxz132/Github_2020/BioRT-Flux-PIHM/cvode/instdir/CMakeFiles/CMakeTmp'
/usr/bin/gmake -f CMakeFiles/cmTC_9e0a2.dir/build.make CMakeFiles/cmTC_9e0a2.dir/build
gmake[2]: Entering directory `/storage/work/w/wxz132/Github_2020/BioRT-Flux-PIHM/cvode/instdir/CMakeFiles/CMakeTmp'
Building C object CMakeFiles/cmTC_9e0a2.dir/CheckSymbolExists.c.o
/usr/bin/cc     -o CMakeFiles/cmTC_9e0a2.dir/CheckSymbolExists.c.o   -c /storage/home/wxz132/work/Github_2020/BioRT-Flux-PIHM/cvode/instdir/CMakeFiles/CMakeTmp/CheckSymbolExists.c
Linking C executable cmTC_9e0a2
/storage/home/wxz132/work/Github_2020/BioRT-Flux-PIHM/cmake-3.7.2-Linux-x86_64/bin/cmake -E cmake_link_script CMakeFiles/cmTC_9e0a2.dir/link.txt --verbose=1
/usr/bin/cc       CMakeFiles/cmTC_9e0a2.dir/CheckSymbolExists.c.o  -o cmTC_9e0a2 -rdynamic -lrt 
gmake[2]: Leaving directory `/storage/work/w/wxz132/Github_2020/BioRT-Flux-PIHM/cvode/instdir/CMakeFiles/CMakeTmp'
gmake[1]: Leaving directory `/storage/work/w/wxz132/Github_2020/BioRT-Flux-PIHM/cvode/instdir/CMakeFiles/CMakeTmp'

File /storage/home/wxz132/work/Github_2020/BioRT-Flux-PIHM/cvode/instdir/CMakeFiles/CMakeTmp/CheckSymbolExists.c:
/* */
#include <unistd.h>
#include <time.h>

int main(int argc, char** argv)
{
  (void)argv;
#ifndef _POSIX_TIMERS
  return ((int*)(&_POSIX_TIMERS))[argc];
#else
  (void)argc;
  return 0;
#endif
}

